This is pdfTeX, Version 3.14159265-2.6-1.40.15 (TeX Live 2014/Arch Linux) (preloaded format=pdflatex 2014.9.21)  3 NOV 2014 22:55
entering extended mode
 restricted \write18 enabled.
 %&-line parsing enabled.
**written1.tex
(./written1.tex
LaTeX2e <2014/05/01>
Babel <3.9k> and hyphenation patterns for 79 languages loaded.
(/usr/share/texmf-dist/tex/latex/base/article.cls
Document Class: article 2007/10/19 v1.4h Standard LaTeX document class
(/usr/share/texmf-dist/tex/latex/base/size10.clo
File: size10.clo 2007/10/19 v1.4h Standard LaTeX file (size option)
)
\c@part=\count79
\c@section=\count80
\c@subsection=\count81
\c@subsubsection=\count82
\c@paragraph=\count83
\c@subparagraph=\count84
\c@figure=\count85
\c@table=\count86
\abovecaptionskip=\skip41
\belowcaptionskip=\skip42
\bibindent=\dimen102
) (./written1.aux)
\openout1 = `written1.aux'.

LaTeX Font Info:    Checking defaults for OML/cmm/m/it on input line 3.
LaTeX Font Info:    ... okay on input line 3.
LaTeX Font Info:    Checking defaults for T1/cmr/m/n on input line 3.
LaTeX Font Info:    ... okay on input line 3.
LaTeX Font Info:    Checking defaults for OT1/cmr/m/n on input line 3.
LaTeX Font Info:    ... okay on input line 3.
LaTeX Font Info:    Checking defaults for OMS/cmsy/m/n on input line 3.
LaTeX Font Info:    ... okay on input line 3.
LaTeX Font Info:    Checking defaults for OMX/cmex/m/n on input line 3.
LaTeX Font Info:    ... okay on input line 3.
LaTeX Font Info:    Checking defaults for U/cmr/m/n on input line 3.
LaTeX Font Info:    ... okay on input line 3.
LaTeX Font Info:    External font `cmex10' loaded for size
(Font)              <7> on input line 8.
LaTeX Font Info:    External font `cmex10' loaded for size
(Font)              <5> on input line 8.

Underfull \hbox (badness 10000) in paragraph at lines 14--15

 []


Underfull \hbox (badness 10000) in paragraph at lines 22--23

 []


Underfull \hbox (badness 10000) in paragraph at lines 31--33

 []


Underfull \hbox (badness 10000) in paragraph at lines 31--33

 []


Underfull \hbox (badness 10000) in paragraph at lines 58--59

 []

[1

{/var/lib/texmf/fonts/map/pdftex/updmap/pdftex.map}]
Underfull \hbox (badness 10000) in paragraph at lines 67--68

 []


Overfull \hbox (57.23949pt too wide) in paragraph at lines 83--84
[]$\OMS/cmsy/m/n/10 :\OML/cmm/m/it/10 V[] \OMS/cmsy/m/n/10 _ [] [] ^$ 
 []


Overfull \hbox (58.90611pt too wide) in paragraph at lines 85--86
[]$\OML/cmm/m/it/10 V[] \OMS/cmsy/m/n/10 _ : [] [] ^$ 
 []


Overfull \hbox (90.35184pt too wide) in paragraph at lines 96--97
[]$\OML/cmm/m/it/10 V[] \OMS/cmsy/m/n/10 _ : [] [] ^$ 
 []


Overfull \hbox (88.68521pt too wide) in paragraph at lines 98--99
[]$\OMS/cmsy/m/n/10 :\OML/cmm/m/it/10 V[] \OMS/cmsy/m/n/10 _ [] [] ^$ 
 []


Underfull \hbox (badness 10000) in paragraph at lines 100--101

 []


Overfull \hbox (123.39377pt too wide) in paragraph at lines 110--112
[]$\OML/cmm/m/it/10 V[] \OMS/cmsy/m/n/10 _ : [] []$ 
 []

[2]
Overfull \hbox (121.72714pt too wide) in paragraph at lines 115--117
[]$\OMS/cmsy/m/n/10 :\OML/cmm/m/it/10 V[] \OMS/cmsy/m/n/10 _ [] []$ 
 []

[3] (./written1.aux) ) 
Here is how much of TeX's memory you used:
 203 strings out of 493108
 2164 string characters out of 6140725
 60957 words of memory out of 5000000
 3753 multiletter control sequences out of 15000+600000
 3640 words of font info for 14 fonts, out of 8000000 for 9000
 1141 hyphenation exceptions out of 8191
 23i,5n,19p,319b,107s stack positions out of 5000i,500n,10000p,200000b,80000s
</usr/share/texmf-dist/fonts/type1/public/amsfonts/cm/cme
x10.pfb></usr/share/texmf-dist/fonts/type1/public/amsfonts/cm/cmmi10.pfb></usr/
share/texmf-dist/fonts/type1/public/amsfonts/cm/cmmi5.pfb></usr/share/texmf-dis
t/fonts/type1/public/amsfonts/cm/cmmi7.pfb></usr/share/texmf-dist/fonts/type1/p
ublic/amsfonts/cm/cmr10.pfb></usr/share/texmf-dist/fonts/type1/public/amsfonts/
cm/cmr5.pfb></usr/share/texmf-dist/fonts/type1/public/amsfonts/cm/cmr7.pfb></us
r/share/texmf-dist/fonts/type1/public/amsfonts/cm/cmsy10.pfb></usr/share/texmf-
dist/fonts/type1/public/amsfonts/cm/cmsy7.pfb>
Output written on written1.pdf (3 pages, 84875 bytes).
PDF statistics:
 50 PDF objects out of 1000 (max. 8388607)
 35 compressed objects within 1 object stream
 0 named destinations out of 1000 (max. 500000)
 1 words of extra memory for PDF output out of 10000 (max. 10000000)

